<?xml version="1.0" encoding="UTF-8"?>
<!-- Generated by org.testng.reporters.JUnitXMLReporter -->
<testsuite ignored="2" hostname="DESKTOP-EBO940N" failures="0" tests="6" name="parallel" time="16.152" errors="0" timestamp="2025-02-19T20:39:53 IST">
  <testcase classname="elements.Textbox_Demo" name="Textbox_Demo" time="3.221"/>
  <testcase classname="elements.Textbox_Demo" name="Textbox_Demo" time="3.133"/>
  <testcase classname="elements.Buttons_Demo" name="Buttons_Demo" time="2.235"/>
  <testcase classname="elements.Textbox_Demo" name="Textbox_Demo" time="2.851"/>
  <testcase classname="elements.Buttons_Demo" name="Buttons_Demo" time="1.85"/>
  <testcase classname="elements.automate_list" name="List_demo" time="2.786"/>
  <testcase classname="elements.Textbox_Demo" name="@BeforeSuite home_page" time="0.0">
    <ignored/>
  </testcase> <!-- @BeforeSuite home_page -->
  <testcase classname="elements.Textbox_Demo" name="@BeforeSuite home_page" time="0.0">
    <ignored/>
  </testcase> <!-- @BeforeSuite home_page -->
</testsuite> <!-- parallel -->
