<?xml version="1.0" encoding="UTF-8"?>
<testng-results ignored="0" total="1" passed="1" failed="0" skipped="0">
  <reporter-output>
  </reporter-output>
  <suite started-at="2025-02-26T12:33:06 IST" name="Testleaf" finished-at="2025-02-26T12:33:12 IST" duration-ms="5907">
    <groups>
    </groups>
    <test started-at="2025-02-26T12:33:06 IST" name="elements" finished-at="2025-02-26T12:33:12 IST" duration-ms="5907">
      <class name="elements.Textbox_Demo">
        <test-method signature="Textbox_Demo()[pri:1, instance:elements.Textbox_Demo@53142455]" started-at="2025-02-26T12:33:07 IST" name="Textbox_Demo" finished-at="2025-02-26T12:33:12 IST" duration-ms="5832" status="PASS">
          <reporter-output>
          </reporter-output>
        </test-method> <!-- Textbox_Demo -->
      </class> <!-- elements.Textbox_Demo -->
    </test> <!-- elements -->
  </suite> <!-- Testleaf -->
</testng-results>
