<?xml version="1.0" encoding="UTF-8"?>
<!-- Generated by org.testng.reporters.JUnitXMLReporter -->
<testsuite ignored="0" hostname="DESKTOP-EBO940N" failures="1" tests="1" name="Elements" time="0.094" errors="0" timestamp="2025-02-19T09:17:50 IST">
  <testcase classname="testNG.SampleTestCase" name="test_1" time="0.0">
    <failure type="org.testng.TestNGException" message="
Parameter &amp;apos;email&amp;apos; is required by @Test on method test_1 but has not been marked @Optional or defined
in C:\Users\ADMIN\git\Testleaf\git_testleaf\LeafTestng.xml">
      <![CDATA[org.testng.TestNGException: 
Parameter 'email' is required by @Test on method test_1 but has not been marked @Optional or defined
in C:\Users\ADMIN\git\Testleaf\git_testleaf\LeafTestng.xml
at java.base/java.util.ArrayList.forEach(ArrayList.java:1596)
... Removed 26 stack frames]]>
    </failure>
  </testcase> <!-- test_1 -->
</testsuite> <!-- Elements -->
